<?xml version="1.0" encoding="UTF-8"?>
<testng-results skipped="0" failed="0" ignored="0" total="2" passed="2">
  <reporter-output>
  </reporter-output>
  <suite name="Default suite" duration-ms="1066680" started-at="2019-01-18T07:27:37Z" finished-at="2019-01-18T07:45:24Z">
    <groups>
    </groups>
    <test name="Default test" duration-ms="1066680" started-at="2019-01-18T07:27:37Z" finished-at="2019-01-18T07:45:24Z">
      <class name="com.TestCases.ShareButtonPopUpTest">
        <test-method status="PASS" signature="setUp()[pri:0, instance:com.TestCases.ShareButtonPopUpTest@612fc6eb]" name="setUp" is-config="true" duration-ms="116523" started-at="2019-01-18T07:27:37Z" finished-at="2019-01-18T07:29:34Z">
          <reporter-output>
          </reporter-output>
        </test-method> <!-- setUp -->
        <test-method status="PASS" signature="LoggedOutSharePopUpTest()[pri:0, instance:com.TestCases.ShareButtonPopUpTest@612fc6eb]" name="LoggedOutSharePopUpTest" duration-ms="446106" started-at="2019-01-18T07:29:34Z" finished-at="2019-01-18T07:37:00Z">
          <reporter-output>
          </reporter-output>
        </test-method> <!-- LoggedOutSharePopUpTest -->
        <test-method status="PASS" signature="LoggedInSharePopUpTest()[pri:1, instance:com.TestCases.ShareButtonPopUpTest@612fc6eb]" name="LoggedInSharePopUpTest" duration-ms="504025" started-at="2019-01-18T07:37:00Z" finished-at="2019-01-18T07:45:24Z">
          <reporter-output>
          </reporter-output>
        </test-method> <!-- LoggedInSharePopUpTest -->
      </class> <!-- com.TestCases.ShareButtonPopUpTest -->
    </test> <!-- Default test -->
  </suite> <!-- Default suite -->
</testng-results>
